<?xml version="1.0" encoding="UTF-8"?>
<!-- Generated by org.testng.reporters.JUnitReportReporter -->
<testsuite skipped="0" hostname="WSMHD-1630" name="testNGPractice.testNGTestClass" tests="2" failures="0" timestamp="08 Jul 2019 09:27:33 GMT" time="0.011" errors="0">
  <testcase name="test2" time="0.005" classname="testNGPractice.testNGTestClass"/>
  <testcase name="test1" time="0.006" classname="testNGPractice.testNGTestClass"/>
</testsuite> <!-- testNGPractice.testNGTestClass -->
