<?xml version="1.0" encoding="UTF-8"?>
<!-- Generated by org.testng.reporters.JUnitReportReporter -->
<testsuite skipped="0" hostname="WSMHD-1630" name="testNGPractice.testNGTestClass2" tests="1" failures="0" timestamp="08 Jul 2019 09:27:33 GMT" time="0.014" errors="0">
  <testcase name="test1" time="0.014" classname="testNGPractice.testNGTestClass2"/>
</testsuite> <!-- testNGPractice.testNGTestClass2 -->
